# JRE version: OpenJDK Runtime Environment (21.0.6+7) (build 21.0.6+7-Ubuntu-124.04.1)
# Java VM: OpenJDK 64-Bit Server VM (21.0.6+7-Ubuntu-124.04.1, mixed mode, sharing, tiered, compressed oops, compressed class ptrs, g1 gc, linux-amd64)
GC Precious Log:
 CardTable entry size: 512
 Card Set container configuration: InlinePtr #cards 4 size 8 Array Of Cards #cards 16 size 48 Howl #buckets 8 coarsen threshold 3686 Howl Bitmap #cards 512 size 80 coarsen threshold 460 Card regions per heap region 1 cards per card region 4096
 CPUs: 8 total, 4 available
 Memory: 11849M
 Large Page Support: Disabled
 NUMA Support: Disabled
 Compressed Oops: Enabled (Zero based)
 Heap Region Size: 2M
 Heap Min Capacity: 8M
 Heap Initial Capacity: 186M
 Heap Max Capacity: 2964M
 Pre-touch: Disabled
 Parallel Workers: 4
 Concurrent Workers: 1
 Concurrent Refinement Workers: 4
 Periodic GC: Disabled
Heap:
 garbage-first heap   total 102400K, used 47116K [0x0000000746c00000, 0x0000000800000000)
  region size 2048K, 5 young (10240K), 3 survivors (6144K)
 Metaspace       used 28170K, committed 28608K, reserved 1114112K
  class space    used 3726K, committed 3904K, reserved 1048576K
GC Heap History (10 events):
Event: 0.544 GC heap before
{Heap before GC invocations=0 (full 0):
 garbage-first heap   total 192512K, used 11313K [0x0000000746c00000, 0x0000000800000000)
  region size 2048K, 6 young (12288K), 0 survivors (0K)
 Metaspace       used 2410K, committed 2560K, reserved 1114112K
  class space    used 244K, committed 320K, reserved 1048576K
}
Event: 0.549 GC heap after
{Heap after GC invocations=1 (full 0):
 garbage-first heap   total 192512K, used 2568K [0x0000000746c00000, 0x0000000800000000)
  region size 2048K, 1 young (2048K), 1 survivors (2048K)
 Metaspace       used 2410K, committed 2560K, reserved 1114112K
  class space    used 244K, committed 320K, reserved 1048576K
}
Event: 1.606 GC heap before
{Heap before GC invocations=1 (full 0):
 garbage-first heap   total 192512K, used 29192K [0x0000000746c00000, 0x0000000800000000)
  region size 2048K, 15 young (30720K), 1 survivors (2048K)
 Metaspace       used 12965K, committed 13312K, reserved 1114112K
  class space    used 1601K, committed 1792K, reserved 1048576K
}
Event: 1.619 GC heap after
{Heap after GC invocations=2 (full 0):
 garbage-first heap   total 192512K, used 6295K [0x0000000746c00000, 0x0000000800000000)
  region size 2048K, 2 young (4096K), 2 survivors (4096K)
 Metaspace       used 12965K, committed 13312K, reserved 1114112K
  class space    used 1601K, committed 1792K, reserved 1048576K
}
Event: 2.597 GC heap before
{Heap before GC invocations=2 (full 0):
 garbage-first heap   total 192512K, used 39063K [0x0000000746c00000, 0x0000000800000000)
  region size 2048K, 17 young (34816K), 2 survivors (4096K)
 Metaspace       used 18489K, committed 18880K, reserved 1114112K
  class space    used 2683K, committed 2880K, reserved 1048576K
}
Event: 2.611 GC heap after
{Heap after GC invocations=3 (full 0):
 garbage-first heap   total 192512K, used 11665K [0x0000000746c00000, 0x0000000800000000)
  region size 2048K, 3 young (6144K), 3 survivors (6144K)
 Metaspace       used 18489K, committed 18880K, reserved 1114112K
  class space    used 2683K, committed 2880K, reserved 1048576K
}
Event: 5.488 GC heap before
{Heap before GC invocations=3 (full 0):
 garbage-first heap   total 192512K, used 21905K [0x0000000746c00000, 0x0000000800000000)
  region size 2048K, 9 young (18432K), 3 survivors (6144K)
 Metaspace       used 21074K, committed 21504K, reserved 1114112K
  class space    used 2944K, committed 3136K, reserved 1048576K
}
Event: 5.498 GC heap after
{Heap after GC invocations=4 (full 0):
 garbage-first heap   total 192512K, used 15542K [0x0000000746c00000, 0x0000000800000000)
  region size 2048K, 4 young (8192K), 4 survivors (8192K)
 Metaspace       used 21074K, committed 21504K, reserved 1114112K
  class space    used 2944K, committed 3136K, reserved 1048576K
}
Event: 6.512 GC heap before
{Heap before GC invocations=5 (full 0):
 garbage-first heap   total 88064K, used 85174K [0x0000000746c00000, 0x0000000800000000)
  region size 2048K, 12 young (24576K), 4 survivors (8192K)
 Metaspace       used 27864K, committed 28352K, reserved 1114112K
  class space    used 3696K, committed 3904K, reserved 1048576K
}
Event: 6.525 GC heap after
{Heap after GC invocations=6 (full 0):
 garbage-first heap   total 102400K, used 45068K [0x0000000746c00000, 0x0000000800000000)
  region size 2048K, 3 young (6144K), 3 survivors (6144K)
 Metaspace       used 27864K, committed 28352K, reserved 1114112K
  class space    used 3696K, committed 3904K, reserved 1048576K
}

