# JRE version: OpenJDK Runtime Environment (21.0.6+7) (build 21.0.6+7-Ubuntu-124.04.1)
# Java VM: OpenJDK 64-Bit Server VM (21.0.6+7-Ubuntu-124.04.1, mixed mode, sharing, tiered, compressed oops, compressed class ptrs, g1 gc, linux-amd64)
GC Precious Log:
 CardTable entry size: 512
 Card Set container configuration: InlinePtr #cards 4 size 8 Array Of Cards #cards 16 size 48 Howl #buckets 8 coarsen threshold 3686 Howl Bitmap #cards 512 size 80 coarsen threshold 460 Card regions per heap region 1 cards per card region 4096
 CPUs: 8 total, 4 available
 Memory: 11849M
 Large Page Support: Disabled
 NUMA Support: Disabled
 Compressed Oops: Enabled (Zero based)
 Heap Region Size: 2M
 Heap Min Capacity: 8M
 Heap Initial Capacity: 186M
 Heap Max Capacity: 2964M
 Pre-touch: Disabled
 Parallel Workers: 4
 Concurrent Workers: 1
 Concurrent Refinement Workers: 4
 Periodic GC: Disabled
Heap:
 garbage-first heap   total 100352K, used 46645K [0x0000000746c00000, 0x0000000800000000)
  region size 2048K, 4 young (8192K), 2 survivors (4096K)
 Metaspace       used 28202K, committed 28608K, reserved 1114112K
  class space    used 3728K, committed 3904K, reserved 1048576K
GC Heap History (10 events):
Event: 0.676 GC heap before
{Heap before GC invocations=0 (full 0):
 garbage-first heap   total 192512K, used 13361K [0x0000000746c00000, 0x0000000800000000)
  region size 2048K, 6 young (12288K), 0 survivors (0K)
 Metaspace       used 2309K, committed 2432K, reserved 1114112K
  class space    used 235K, committed 256K, reserved 1048576K
}
Event: 0.682 GC heap after
{Heap after GC invocations=1 (full 0):
 garbage-first heap   total 192512K, used 2384K [0x0000000746c00000, 0x0000000800000000)
  region size 2048K, 1 young (2048K), 1 survivors (2048K)
 Metaspace       used 2309K, committed 2432K, reserved 1114112K
  class space    used 235K, committed 256K, reserved 1048576K
}
Event: 2.900 GC heap before
{Heap before GC invocations=1 (full 0):
 garbage-first heap   total 192512K, used 31056K [0x0000000746c00000, 0x0000000800000000)
  region size 2048K, 15 young (30720K), 1 survivors (2048K)
 Metaspace       used 12911K, committed 13312K, reserved 1114112K
  class space    used 1591K, committed 1792K, reserved 1048576K
}
Event: 2.909 GC heap after
{Heap after GC invocations=2 (full 0):
 garbage-first heap   total 192512K, used 6270K [0x0000000746c00000, 0x0000000800000000)
  region size 2048K, 2 young (4096K), 2 survivors (4096K)
 Metaspace       used 12911K, committed 13312K, reserved 1114112K
  class space    used 1591K, committed 1792K, reserved 1048576K
}
Event: 3.826 GC heap before
{Heap before GC invocations=2 (full 0):
 garbage-first heap   total 192512K, used 41086K [0x0000000746c00000, 0x0000000800000000)
  region size 2048K, 18 young (36864K), 2 survivors (4096K)
 Metaspace       used 18848K, committed 19264K, reserved 1114112K
  class space    used 2730K, committed 2880K, reserved 1048576K
}
Event: 3.841 GC heap after
{Heap after GC invocations=3 (full 0):
 garbage-first heap   total 192512K, used 11792K [0x0000000746c00000, 0x0000000800000000)
  region size 2048K, 3 young (6144K), 3 survivors (6144K)
 Metaspace       used 18848K, committed 19264K, reserved 1114112K
  class space    used 2730K, committed 2880K, reserved 1048576K
}
Event: 6.566 GC heap before
{Heap before GC invocations=3 (full 0):
 garbage-first heap   total 192512K, used 22032K [0x0000000746c00000, 0x0000000800000000)
  region size 2048K, 9 young (18432K), 3 survivors (6144K)
 Metaspace       used 21096K, committed 21504K, reserved 1114112K
  class space    used 2943K, committed 3136K, reserved 1048576K
}
Event: 6.575 GC heap after
{Heap after GC invocations=4 (full 0):
 garbage-first heap   total 192512K, used 15854K [0x0000000746c00000, 0x0000000800000000)
  region size 2048K, 4 young (8192K), 4 survivors (8192K)
 Metaspace       used 21096K, committed 21504K, reserved 1114112K
  class space    used 2943K, committed 3136K, reserved 1048576K
}
Event: 7.548 GC heap before
{Heap before GC invocations=5 (full 0):
 garbage-first heap   total 88064K, used 85486K [0x0000000746c00000, 0x0000000800000000)
  region size 2048K, 12 young (24576K), 4 survivors (8192K)
 Metaspace       used 27884K, committed 28352K, reserved 1114112K
  class space    used 3697K, committed 3904K, reserved 1048576K
}
Event: 7.559 GC heap after
{Heap after GC invocations=6 (full 0):
 garbage-first heap   total 100352K, used 44597K [0x0000000746c00000, 0x0000000800000000)
  region size 2048K, 2 young (4096K), 2 survivors (4096K)
 Metaspace       used 27884K, committed 28352K, reserved 1114112K
  class space    used 3697K, committed 3904K, reserved 1048576K
}

